<?xml version="1.0" encoding="UTF-8"?>
<testsuites name="TestSuite1" time="18.686" tests="1" failures="0" errors="0">
   <testsuite name="TestSuite1" tests="1" failures="0" errors="0" time="18.686" skipped="0" timestamp="2023-10-04 16:54:57" hostname="KSMT293 - MGTECHLPT297.MGTECHSOFT.IN" id="Test Suites/TestSuite1">
      <properties>
         <property name="deviceName" value=""/>
         <property name="devicePlatform" value=""/>
         <property name="logFolder" value="C:\\Users\\ksmt293\\Katalon Studio\\TestingRR_Project\\Reports\\20231004_165447\\TestSuite1\\20231004_165447"/>
         <property name="logFiles" value="C:\\Users\\ksmt293\\Katalon Studio\\TestingRR_Project\\Reports\\20231004_165447\\TestSuite1\\20231004_165447\\execution0.log"/>
         <property name="attachments" value=""/>
         <property name="hostName" value="KSMT293 - MGTECHLPT297.MGTECHSOFT.IN"/>
         <property name="os" value="Windows 10 64bit"/>
         <property name="katalonVersion" value="8.6.8.208"/>
         <property name="browser" value="Chrome 117.0.0.0"/>
         <property name="hostAddress" value="172.22.22.100"/>
         <property name="sessionId" value="0dffabe9ac8cde6eca77d104a2a08e1f"/>
         <property name="seleniumVersion" value="3.141.59"/>
         <property name="proxyInformation" value="ProxyInformation { proxyOption=NO_PROXY, proxyServerType=HTTP, username=, password=********, proxyServerAddress=, proxyServerPort=0, executionList=&quot;&quot;, isApplyToDesiredCapabilities=true }"/>
         <property name="platform" value="Windows 10"/>
      </properties>
      <testcase name="Test Cases/TestScr1" time="18.172" classname="Test Cases/TestScr1" status="PASSED">
         <system-out><![CDATA[2023-10-04 16:54:58 - [TEST_CASE][PASSED] - Test Cases/TestScr1: Test Cases/TestScr1

2023-10-04 16:54:59 - [TEST_STEP][PASSED] - openBrowser("https://opensource-demo.orangehrmlive.com/web/index.php/auth/login"): Browser is opened with url: 'https://opensource-demo.orangehrmlive.com/web/index.php/auth/login'

2023-10-04 16:54:59 - [MESSAGE][INFO] - Starting 'Chrome' driver

2023-10-04 16:54:59 - [MESSAGE][INFO] - Action delay is set to 0 milliseconds

2023-10-04 16:55:07 - [MESSAGE][PASSED] - Browser is opened with url: 'https://opensource-demo.orangehrmlive.com/web/index.php/auth/login'

2023-10-04 16:55:07 - [TEST_STEP][PASSED] - setText(findTestObject("Object Repository/Page_OrangeHRM/input_Username_username"), "Admin"): Text 'Admin' is set on object 'Object Repository/Page_OrangeHRM/input_Username_username'

2023-10-04 16:55:09 - [MESSAGE][PASSED] - Text 'Admin' is set on object 'Object Repository/Page_OrangeHRM/input_Username_username'

2023-10-04 16:55:09 - [TEST_STEP][PASSED] - setEncryptedText(findTestObject("Object Repository/Page_OrangeHRM/input_Password_password"), "hUKwJTbofgPU9eVlw/CnDQ=="): Text ****** has been set on object 'Object Repository/Page_OrangeHRM/input_Password_password'

2023-10-04 16:55:09 - [MESSAGE][PASSED] - Text ****** has been set on object 'Object Repository/Page_OrangeHRM/input_Password_password'

2023-10-04 16:55:09 - [TEST_STEP][PASSED] - click(findTestObject("Object Repository/Page_OrangeHRM/button_Login")): Object: 'Object Repository/Page_OrangeHRM/button_Login' is clicked on

2023-10-04 16:55:11 - [MESSAGE][PASSED] - Object: 'Object Repository/Page_OrangeHRM/button_Login' is clicked on

2023-10-04 16:55:11 - [TEST_STEP][PASSED] - click(findTestObject("Object Repository/Page_OrangeHRM/i_Admin_oxd-icon bi-chevron-left")): Object: 'Object Repository/Page_OrangeHRM/i_Admin_oxd-icon bi-chevron-left' is clicked on

2023-10-04 16:55:13 - [MESSAGE][PASSED] - Object: 'Object Repository/Page_OrangeHRM/i_Admin_oxd-icon bi-chevron-left' is clicked on

2023-10-04 16:55:13 - [TEST_STEP][PASSED] - click(findTestObject("Object Repository/Page_OrangeHRM/a_Logout")): Object: 'Object Repository/Page_OrangeHRM/a_Logout' is clicked on

2023-10-04 16:55:15 - [MESSAGE][PASSED] - Object: 'Object Repository/Page_OrangeHRM/a_Logout' is clicked on

2023-10-04 16:55:15 - [TEST_STEP][PASSED] - closeBrowser(): Browser is closed

2023-10-04 16:55:16 - [MESSAGE][PASSED] - Browser is closed]]></system-out>
         <system-err><![CDATA[]]></system-err>
      </testcase>
      <system-out><![CDATA[2023-10-04 16:54:57 - [TEST_SUITE][PASSED] - TestSuite1: Test Cases/TestScr1]]></system-out>
      <system-err><![CDATA[]]></system-err>
   </testsuite>
</testsuites>
