<?xml version="1.0" encoding="UTF-8"?>
<testsuites name="TestSuite1" time="22.186" tests="1" failures="0" errors="0">
   <testsuite name="TestSuite1" tests="1" failures="0" errors="0" time="22.186" skipped="0" timestamp="2023-10-03 12:32:41" hostname="KSMT293 - MGTECHLPT297.MGTECHSOFT.IN" id="Test Suites/TestSuite1">
      <properties>
         <property name="deviceName" value=""/>
         <property name="devicePlatform" value=""/>
         <property name="logFolder" value="C:\\Users\\ksmt293\\Katalon Studio\\TestingRR_Project\\Reports\\20231003_123231\\TestSuite1\\20231003_123231"/>
         <property name="logFiles" value="C:\\Users\\ksmt293\\Katalon Studio\\TestingRR_Project\\Reports\\20231003_123231\\TestSuite1\\20231003_123231\\execution0.log"/>
         <property name="attachments" value=""/>
         <property name="hostName" value="KSMT293 - MGTECHLPT297.MGTECHSOFT.IN"/>
         <property name="os" value="Windows 10 64bit"/>
         <property name="katalonVersion" value="8.6.8.208"/>
         <property name="browser" value="Chrome 117.0.0.0"/>
         <property name="hostAddress" value="172.22.22.100"/>
         <property name="sessionId" value="845bacf0e23a074aad7b0000c581e981"/>
         <property name="seleniumVersion" value="3.141.59"/>
         <property name="proxyInformation" value="ProxyInformation { proxyOption=NO_PROXY, proxyServerType=HTTP, username=, password=********, proxyServerAddress=, proxyServerPort=0, executionList=&quot;&quot;, isApplyToDesiredCapabilities=true }"/>
         <property name="platform" value="Windows 10"/>
      </properties>
      <testcase name="Test Cases/TestRR1" time="21.739" classname="Test Cases/TestRR1" status="PASSED">
         <system-out><![CDATA[2023-10-03 12:32:41 - [TEST_CASE][PASSED] - Test Cases/TestRR1: Test Cases/TestRR1

2023-10-03 12:32:42 - [TEST_STEP][PASSED] - openBrowser(""): Browser is opened with url: ''

2023-10-03 12:32:42 - [MESSAGE][INFO] - Starting 'Chrome' driver

2023-10-03 12:32:42 - [MESSAGE][INFO] - Action delay is set to 0 milliseconds

2023-10-03 12:32:45 - [MESSAGE][PASSED] - Browser is opened with url: ''

2023-10-03 12:32:45 - [TEST_STEP][PASSED] - navigateToUrl("https://opensource-demo.orangehrmlive.com/web/index.php/auth/login"): Navigate to 'https://opensource-demo.orangehrmlive.com/web/index.php/auth/login' successfully

2023-10-03 12:32:50 - [MESSAGE][PASSED] - Navigate to 'https://opensource-demo.orangehrmlive.com/web/index.php/auth/login' successfully

2023-10-03 12:32:50 - [TEST_STEP][PASSED] - setText(findTestObject("Object Repository/Page_OrangeHRM/input_Username_username"), "Admin"): Text 'Admin' is set on object 'Object Repository/Page_OrangeHRM/input_Username_username'

2023-10-03 12:32:52 - [MESSAGE][PASSED] - Text 'Admin' is set on object 'Object Repository/Page_OrangeHRM/input_Username_username'

2023-10-03 12:32:52 - [TEST_STEP][PASSED] - setEncryptedText(findTestObject("Object Repository/Page_OrangeHRM/input_Password_password"), "hUKwJTbofgPU9eVlw/CnDQ=="): Text ****** has been set on object 'Object Repository/Page_OrangeHRM/input_Password_password'

2023-10-03 12:32:53 - [MESSAGE][PASSED] - Text ****** has been set on object 'Object Repository/Page_OrangeHRM/input_Password_password'

2023-10-03 12:32:53 - [TEST_STEP][PASSED] - click(findTestObject("Object Repository/Page_OrangeHRM/button_Login")): Object: 'Object Repository/Page_OrangeHRM/button_Login' is clicked on

2023-10-03 12:32:54 - [MESSAGE][PASSED] - Object: 'Object Repository/Page_OrangeHRM/button_Login' is clicked on

2023-10-03 12:32:54 - [TEST_STEP][PASSED] - click(findTestObject("Object Repository/Page_OrangeHRM/input_Admin_oxd-input oxd-input--focus")): Object: 'Object Repository/Page_OrangeHRM/input_Admin_oxd-input oxd-input--focus' is clicked on

2023-10-03 12:32:56 - [MESSAGE][PASSED] - Object: 'Object Repository/Page_OrangeHRM/input_Admin_oxd-input oxd-input--focus' is clicked on

2023-10-03 12:32:56 - [TEST_STEP][PASSED] - click(findTestObject("Object Repository/Page_OrangeHRM/span_Admin")): Object: 'Object Repository/Page_OrangeHRM/span_Admin' is clicked on

2023-10-03 12:32:58 - [MESSAGE][PASSED] - Object: 'Object Repository/Page_OrangeHRM/span_Admin' is clicked on

2023-10-03 12:32:58 - [TEST_STEP][PASSED] - verifyElementPresent(findTestObject("Page_OrangeHRM/span_Admin"), 0): Object 'Object Repository/Page_OrangeHRM/span_Admin' is present

2023-10-03 12:32:59 - [MESSAGE][WARNING] - Timeout '0' is invalid. Using default page load timeout: '30'

2023-10-03 12:33:00 - [MESSAGE][PASSED] - Object 'Object Repository/Page_OrangeHRM/span_Admin' is present

2023-10-03 12:33:00 - [TEST_STEP][PASSED] - click(findTestObject("Object Repository/Page_OrangeHRM/i_Admin_oxd-icon bi-chevron-left")): Object: 'Object Repository/Page_OrangeHRM/i_Admin_oxd-icon bi-chevron-left' is clicked on

2023-10-03 12:33:00 - [MESSAGE][PASSED] - Object: 'Object Repository/Page_OrangeHRM/i_Admin_oxd-icon bi-chevron-left' is clicked on

2023-10-03 12:33:00 - [TEST_STEP][PASSED] - click(findTestObject("Object Repository/Page_OrangeHRM/a_Logout")): Object: 'Object Repository/Page_OrangeHRM/a_Logout' is clicked on

2023-10-03 12:33:02 - [MESSAGE][PASSED] - Object: 'Object Repository/Page_OrangeHRM/a_Logout' is clicked on

2023-10-03 12:33:02 - [TEST_STEP][PASSED] - closeBrowser(): Browser is closed

2023-10-03 12:33:03 - [MESSAGE][PASSED] - Browser is closed]]></system-out>
         <system-err><![CDATA[]]></system-err>
      </testcase>
      <system-out><![CDATA[2023-10-03 12:32:41 - [TEST_SUITE][PASSED] - TestSuite1: Test Cases/TestRR1]]></system-out>
      <system-err><![CDATA[]]></system-err>
   </testsuite>
</testsuites>
